<?xml version="1.0" encoding="UTF-8"?>
<!-- Generated by org.testng.reporters.JUnitReportReporter -->
<testsuite hostname="Source-4443" name="newHome.TestCases.HomePageTest" tests="1" failures="0" timestamp="6 Aug 2019 09:41:44 GMT" time="12.709" errors="0">
  <testcase name="openBrowser" time="12.709" classname="newHome.TestCases.HomePageTest"/>
</testsuite> <!-- newHome.TestCases.HomePageTest -->
